# JRE version: OpenJDK Runtime Environment (8.0_242-b01) (build 1.8.0_242-release-1644-b01)
# Java VM: OpenJDK 64-Bit Server VM (25.242-b01 mixed mode windows-amd64 compressed oops)
Heap:
 PSYoungGen      total 76288K, used 13637K [0x000000076af00000, 0x0000000770400000, 0x00000007c0000000)
  eden space 65536K, 20% used [0x000000076af00000,0x000000076bc516c8,0x000000076ef00000)
  from space 10752K, 0% used [0x000000076f980000,0x000000076f980000,0x0000000770400000)
  to   space 10752K, 0% used [0x000000076ef00000,0x000000076ef00000,0x000000076f980000)
 ParOldGen       total 114176K, used 16878K [0x00000006c0c00000, 0x00000006c7b80000, 0x000000076af00000)
  object space 114176K, 14% used [0x00000006c0c00000,0x00000006c1c7b808,0x00000006c7b80000)
 Metaspace       used 35444K, capacity 35968K, committed 36480K, reserved 1083392K
  class space    used 4479K, capacity 4616K, committed 4736K, reserved 1048576K
GC Heap History (10 events):
Event: 1.013 GC heap before
{Heap before GC invocations=2 (full 0):
 PSYoungGen      total 76288K, used 25814K [0x000000076af00000, 0x0000000770400000, 0x00000007c0000000)
  eden space 65536K, 23% used [0x000000076af00000,0x000000076bdbc8c0,0x000000076ef00000)
  from space 10752K, 99% used [0x000000076ef00000,0x000000076f979020,0x000000076f980000)
  to   space 10752K, 0% used [0x000000076f980000,0x000000076f980000,0x0000000770400000)
 ParOldGen       total 175104K, used 4743K [0x00000006c0c00000, 0x00000006cb700000, 0x000000076af00000)
  object space 175104K, 2% used [0x00000006c0c00000,0x00000006c10a1e18,0x00000006cb700000)
 Metaspace       used 19307K, capacity 19652K, committed 19840K, reserved 1071104K
  class space    used 2233K, capacity 2332K, committed 2432K, reserved 1048576K
Event: 1.018 GC heap after
Heap after GC invocations=2 (full 0):
 PSYoungGen      total 76288K, used 8260K [0x000000076af00000, 0x0000000770400000, 0x00000007c0000000)
  eden space 65536K, 0% used [0x000000076af00000,0x000000076af00000,0x000000076ef00000)
  from space 10752K, 76% used [0x000000076f980000,0x00000007701913f8,0x0000000770400000)
  to   space 10752K, 0% used [0x000000076ef00000,0x000000076ef00000,0x000000076f980000)
 ParOldGen       total 175104K, used 4815K [0x00000006c0c00000, 0x00000006cb700000, 0x000000076af00000)
  object space 175104K, 2% used [0x00000006c0c00000,0x00000006c10b3e28,0x00000006cb700000)
 Metaspace       used 19307K, capacity 19652K, committed 19840K, reserved 1071104K
  class space    used 2233K, capacity 2332K, committed 2432K, reserved 1048576K
}
Event: 1.018 GC heap before
{Heap before GC invocations=3 (full 1):
 PSYoungGen      total 76288K, used 8260K [0x000000076af00000, 0x0000000770400000, 0x00000007c0000000)
  eden space 65536K, 0% used [0x000000076af00000,0x000000076af00000,0x000000076ef00000)
  from space 10752K, 76% used [0x000000076f980000,0x00000007701913f8,0x0000000770400000)
  to   space 10752K, 0% used [0x000000076ef00000,0x000000076ef00000,0x000000076f980000)
 ParOldGen       total 175104K, used 4815K [0x00000006c0c00000, 0x00000006cb700000, 0x000000076af00000)
  object space 175104K, 2% used [0x00000006c0c00000,0x00000006c10b3e28,0x00000006cb700000)
 Metaspace       used 19307K, capacity 19652K, committed 19840K, reserved 1071104K
  class space    used 2233K, capacity 2332K, committed 2432K, reserved 1048576K
Event: 1.041 GC heap after
Heap after GC invocations=3 (full 1):
 PSYoungGen      total 76288K, used 0K [0x000000076af00000, 0x0000000770400000, 0x00000007c0000000)
  eden space 65536K, 0% used [0x000000076af00000,0x000000076af00000,0x000000076ef00000)
  from space 10752K, 0% used [0x000000076f980000,0x000000076f980000,0x0000000770400000)
  to   space 10752K, 0% used [0x000000076ef00000,0x000000076ef00000,0x000000076f980000)
 ParOldGen       total 114176K, used 7990K [0x00000006c0c00000, 0x00000006c7b80000, 0x000000076af00000)
  object space 114176K, 6% used [0x00000006c0c00000,0x00000006c13cd938,0x00000006c7b80000)
 Metaspace       used 19307K, capacity 19652K, committed 19840K, reserved 1069056K
  class space    used 2233K, capacity 2332K, committed 2432K, reserved 1048576K
}
Event: 1.702 GC heap before
{Heap before GC invocations=4 (full 1):
 PSYoungGen      total 76288K, used 65536K [0x000000076af00000, 0x0000000770400000, 0x00000007c0000000)
  eden space 65536K, 100% used [0x000000076af00000,0x000000076ef00000,0x000000076ef00000)
  from space 10752K, 0% used [0x000000076f980000,0x000000076f980000,0x0000000770400000)
  to   space 10752K, 0% used [0x000000076ef00000,0x000000076ef00000,0x000000076f980000)
 ParOldGen       total 114176K, used 7990K [0x00000006c0c00000, 0x00000006c7b80000, 0x000000076af00000)
  object space 114176K, 6% used [0x00000006c0c00000,0x00000006c13cd938,0x00000006c7b80000)
 Metaspace       used 29313K, capacity 29807K, committed 30080K, reserved 1077248K
  class space    used 3532K, capacity 3704K, committed 3712K, reserved 1048576K
Event: 1.710 GC heap after
Heap after GC invocations=4 (full 1):
 PSYoungGen      total 76288K, used 10737K [0x000000076af00000, 0x0000000770400000, 0x00000007c0000000)
  eden space 65536K, 0% used [0x000000076af00000,0x000000076af00000,0x000000076ef00000)
  from space 10752K, 99% used [0x000000076ef00000,0x000000076f97c5d0,0x000000076f980000)
  to   space 10752K, 0% used [0x000000076f980000,0x000000076f980000,0x0000000770400000)
 ParOldGen       total 114176K, used 13622K [0x00000006c0c00000, 0x00000006c7b80000, 0x000000076af00000)
  object space 114176K, 11% used [0x00000006c0c00000,0x00000006c194dae0,0x00000006c7b80000)
 Metaspace       used 29313K, capacity 29807K, committed 30080K, reserved 1077248K
  class space    used 3532K, capacity 3704K, committed 3712K, reserved 1048576K
}
Event: 1.881 GC heap before
{Heap before GC invocations=5 (full 1):
 PSYoungGen      total 76288K, used 29817K [0x000000076af00000, 0x0000000770400000, 0x00000007c0000000)
  eden space 65536K, 29% used [0x000000076af00000,0x000000076c1a1f20,0x000000076ef00000)
  from space 10752K, 99% used [0x000000076ef00000,0x000000076f97c5d0,0x000000076f980000)
  to   space 10752K, 0% used [0x000000076f980000,0x000000076f980000,0x0000000770400000)
 ParOldGen       total 114176K, used 13622K [0x00000006c0c00000, 0x00000006c7b80000, 0x000000076af00000)
  object space 114176K, 11% used [0x00000006c0c00000,0x00000006c194dae0,0x00000006c7b80000)
 Metaspace       used 32392K, capacity 32891K, committed 33068K, reserved 1079296K
  class space    used 4075K, capacity 4218K, committed 4224K, reserved 1048576K
Event: 1.887 GC heap after
Heap after GC invocations=5 (full 1):
 PSYoungGen      total 76288K, used 10741K [0x000000076af00000, 0x0000000770400000, 0x00000007c0000000)
  eden space 65536K, 0% used [0x000000076af00000,0x000000076af00000,0x000000076ef00000)
  from space 10752K, 99% used [0x000000076f980000,0x00000007703fd778,0x0000000770400000)
  to   space 10752K, 0% used [0x000000076ef00000,0x000000076ef00000,0x000000076f980000)
 ParOldGen       total 114176K, used 14531K [0x00000006c0c00000, 0x00000006c7b80000, 0x000000076af00000)
  object space 114176K, 12% used [0x00000006c0c00000,0x00000006c1a30d20,0x00000006c7b80000)
 Metaspace       used 32392K, capacity 32891K, committed 33068K, reserved 1079296K
  class space    used 4075K, capacity 4218K, committed 4224K, reserved 1048576K
}
Event: 1.887 GC heap before
{Heap before GC invocations=6 (full 2):
 PSYoungGen      total 76288K, used 10741K [0x000000076af00000, 0x0000000770400000, 0x00000007c0000000)
  eden space 65536K, 0% used [0x000000076af00000,0x000000076af00000,0x000000076ef00000)
  from space 10752K, 99% used [0x000000076f980000,0x00000007703fd778,0x0000000770400000)
  to   space 10752K, 0% used [0x000000076ef00000,0x000000076ef00000,0x000000076f980000)
 ParOldGen       total 114176K, used 14531K [0x00000006c0c00000, 0x00000006c7b80000, 0x000000076af00000)
  object space 114176K, 12% used [0x00000006c0c00000,0x00000006c1a30d20,0x00000006c7b80000)
 Metaspace       used 32392K, capacity 32891K, committed 33068K, reserved 1079296K
  class space    used 4075K, capacity 4218K, committed 4224K, reserved 1048576K
Event: 1.916 GC heap after
Heap after GC invocations=6 (full 2):
 PSYoungGen      total 76288K, used 0K [0x000000076af00000, 0x0000000770400000, 0x00000007c0000000)
  eden space 65536K, 0% used [0x000000076af00000,0x000000076af00000,0x000000076ef00000)
  from space 10752K, 0% used [0x000000076f980000,0x000000076f980000,0x0000000770400000)
  to   space 10752K, 0% used [0x000000076ef00000,0x000000076ef00000,0x000000076f980000)
 ParOldGen       total 114176K, used 16878K [0x00000006c0c00000, 0x00000006c7b80000, 0x000000076af00000)
  object space 114176K, 14% used [0x00000006c0c00000,0x00000006c1c7b808,0x00000006c7b80000)
 Metaspace       used 32392K, capacity 32891K, committed 33068K, reserved 1079296K
  class space    used 4075K, capacity 4218K, committed 4224K, reserved 1048576K
}

